<?xml version="1.0" encoding="UTF-8"?>
<!-- Generated by org.testng.reporters.JUnitXMLReporter -->
<testsuite ignored="0" hostname="LAPTOP-EJSMVPFR" failures="0" tests="6" name="Default test" time="306.9" errors="0" timestamp="2022-09-29T16:59:30 IST">
  <testcase classname="com.GCReddy_v1.TestCases.TC1001_Administrator_loginTest" name="loginWithValidCredentials" time="1.65"/>
  <testcase classname="com.GCReddy_v1.TestCases.TC1001_Administrator_loginTest" name="loginWithInvalidCredentials" time="0.539"/>
  <testcase classname="com.GCReddy_v1.TestCases.TC1001_Administrator_loginTest" name="loginWithValidUsernameAndInvalidPassword" time="0.51"/>
  <testcase classname="com.GCReddy_v1.TestCases.TC1001_Administrator_loginTest" name="loginWithInvalidUsernameAndValidPassword" time="0.458"/>
  <testcase classname="com.GCReddy_v1.TestCases.TC1001_Administrator_loginTest" name="maxlogin" time="0.479"/>
  <testcase classname="com.GCReddy_v1.TestCases.TC1001_Administrator_loginTest" name="loginAfterMaxLogin" time="301.141"/>
</testsuite> <!-- Default test -->
